<?xml version="1.0" encoding="UTF-8"?>
<!-- Generated by org.testng.reporters.JUnitReportReporter -->
<testsuite hostname="DESKTOP-R5JC7P7" failures="0" tests="1" name="com.orangeHRM.Framework.TestPages.TC000_LoginPageTest" time="1.462" errors="0" timestamp="2024-11-11T13:37:35 IST" skipped="0">
  <testcase classname="com.orangeHRM.Framework.TestPages.TC000_LoginPageTest" name="verifyLoginTest" time="1.462"/>
  <system-out/>
</testsuite> <!-- com.orangeHRM.Framework.TestPages.TC000_LoginPageTest -->
