<?xml version="1.0" encoding="UTF-8"?>
<!-- Generated by org.testng.reporters.JUnitReportReporter -->
<testsuite hostname="DESKTOP-R5JC7P7" failures="0" tests="1" name="com.orangeHRM.Framework.TestPages.LoginPageTestcases" time="0.936" errors="0" timestamp="2024-11-01T08:44:42 IST" skipped="0">
  <testcase classname="com.orangeHRM.Framework.TestPages.LoginPageTestcases" name="loginPageTest" time="0.936"/>
</testsuite> <!-- com.orangeHRM.Framework.TestPages.LoginPageTestcases -->
