<?xml version="1.0" encoding="UTF-8"?>
<!-- Generated by org.testng.reporters.JUnitReportReporter -->
<testsuite hostname="DESKTOP-R5JC7P7" failures="0" tests="1" name="com.orangeHRM.Framework.TestPages.TC000_LoginPageTest" time="6.231" errors="0" timestamp="2024-11-13T09:03:01 IST" skipped="0">
  <testcase classname="com.orangeHRM.Framework.TestPages.TC000_LoginPageTest" name="verifyLoginTest" time="6.231"/>
  <system-out/>
</testsuite> <!-- com.orangeHRM.Framework.TestPages.TC000_LoginPageTest -->
